The target system is: Generic - 1 - sh
The host system is: Linux - 5.12.2-1-MANJARO - x86_64
Compiling the C compiler identification source file "CMakeCCompilerId.c" succeeded.
Compiler: /usr/bin/sh-elf-gcc 
Build flags: 
Id flags: -c 

The output was:
0


Compilation of the C compiler identification source "CMakeCCompilerId.c" produced "CMakeCCompilerId.o"

The C compiler identification is GNU, found in "/home/sha-chan/dépôts_git/Plague/Sources/build-fx/CMakeFiles/3.20.2/CompilerIdC/CMakeCCompilerId.o"

Compiling the CXX compiler identification source file "CMakeCXXCompilerId.cpp" succeeded.
Compiler: /usr/bin/sh-elf-g++ 
Build flags: 
Id flags: -c 

The output was:
0


Compilation of the CXX compiler identification source "CMakeCXXCompilerId.cpp" produced "CMakeCXXCompilerId.o"

The CXX compiler identification is GNU, found in "/home/sha-chan/dépôts_git/Plague/Sources/build-fx/CMakeFiles/3.20.2/CompilerIdCXX/CMakeCXXCompilerId.o"

Detecting C compiler ABI info compiled with the following output:
Change Dir: /home/sha-chan/dépôts_git/Plague/Sources/build-fx/CMakeFiles/CMakeTmp

Run Build Command(s):/usr/bin/make -f Makefile cmTC_10359/fast && /usr/bin/make  -f CMakeFiles/cmTC_10359.dir/build.make CMakeFiles/cmTC_10359.dir/build
make[1]: Entering directory '/home/sha-chan/dépôts_git/Plague/Sources/build-fx/CMakeFiles/CMakeTmp'
Building C object CMakeFiles/cmTC_10359.dir/CMakeCCompilerABI.c.obj
/usr/bin/sh-elf-gcc -DTARGET_FX9860G  -v -mb -ffreestanding -nostdlib -Wa,--dsp -o CMakeFiles/cmTC_10359.dir/CMakeCCompilerABI.c.obj -c /usr/share/cmake-3.20/Modules/CMakeCCompilerABI.c
Using built-in specs.
COLLECT_AS_OPTIONS='--dsp'
COLLECT_GCC=/usr/bin/sh-elf-gcc
Target: sh3eb-elf
Configured with: ../configure --prefix=/usr --target=sh3eb-elf --with-multilib-list=m3,m4-nofpu --program-prefix=sh-elf- --enable-languages=c,c++ --without-headers --with-newlib --disable-nls --enable-libssp --enable-lto --disable-werror
Thread model: single
Supported LTO compression algorithms: zlib zstd
gcc version 11.1.0 (GCC) 
COLLECT_GCC_OPTIONS='-D' 'TARGET_FX9860G' '-v' '-mb' '-ffreestanding' '-nostdlib' '-o' 'CMakeFiles/cmTC_10359.dir/CMakeCCompilerABI.c.obj' '-c' '-dumpdir' 'CMakeFiles/cmTC_10359.dir/'
 /usr/libexec/gcc/sh3eb-elf/11.1.0/cc1 -quiet -v -D TARGET_FX9860G /usr/share/cmake-3.20/Modules/CMakeCCompilerABI.c -quiet -dumpdir CMakeFiles/cmTC_10359.dir/ -dumpbase CMakeCCompilerABI.c.c -dumpbase-ext .c -mb -version -ffreestanding -o /tmp/ccBt124x.s
GNU C17 (GCC) version 11.1.0 (sh3eb-elf)
	compiled by GNU C version 11.1.0, GMP version 6.2.1, MPFR version 4.1.0, MPC version 1.2.1, isl version isl-0.24-GMP

GGC heuristics: --param ggc-min-expand=100 --param ggc-min-heapsize=131072
ignoring nonexistent directory "/usr/lib/gcc/sh3eb-elf/11.1.0/../../../../sh3eb-elf/sys-include"
ignoring nonexistent directory "/usr/lib/gcc/sh3eb-elf/11.1.0/../../../../sh3eb-elf/include"
#include "..." search starts here:
#include <...> search starts here:
 /usr/lib/gcc/sh3eb-elf/11.1.0/include
 /usr/lib/gcc/sh3eb-elf/11.1.0/include-fixed
End of search list.
GNU C17 (GCC) version 11.1.0 (sh3eb-elf)
	compiled by GNU C version 11.1.0, GMP version 6.2.1, MPFR version 4.1.0, MPC version 1.2.1, isl version isl-0.24-GMP

GGC heuristics: --param ggc-min-expand=100 --param ggc-min-heapsize=131072
Compiler executable checksum: c7481220cc2db0a3081f56f1d8a82427
COLLECT_GCC_OPTIONS='-D' 'TARGET_FX9860G' '-v' '-mb' '-ffreestanding' '-nostdlib' '-o' 'CMakeFiles/cmTC_10359.dir/CMakeCCompilerABI.c.obj' '-c' '-dumpdir' 'CMakeFiles/cmTC_10359.dir/'
 /usr/lib/gcc/sh3eb-elf/11.1.0/../../../../sh3eb-elf/bin/as -big --dsp -o CMakeFiles/cmTC_10359.dir/CMakeCCompilerABI.c.obj /tmp/ccBt124x.s
COMPILER_PATH=/usr/libexec/gcc/sh3eb-elf/11.1.0/:/usr/libexec/gcc/sh3eb-elf/11.1.0/:/usr/libexec/gcc/sh3eb-elf/:/usr/lib/gcc/sh3eb-elf/11.1.0/:/usr/lib/gcc/sh3eb-elf/:/usr/lib/gcc/sh3eb-elf/11.1.0/../../../../sh3eb-elf/bin/
LIBRARY_PATH=/usr/lib/gcc/sh3eb-elf/11.1.0/:/usr/lib/gcc/sh3eb-elf/11.1.0/../../../../sh3eb-elf/lib/
COLLECT_GCC_OPTIONS='-D' 'TARGET_FX9860G' '-v' '-mb' '-ffreestanding' '-nostdlib' '-o' 'CMakeFiles/cmTC_10359.dir/CMakeCCompilerABI.c.obj' '-c' '-dumpdir' 'CMakeFiles/cmTC_10359.dir/CMakeCCompilerABI.c.'
Linking C executable cmTC_10359
/usr/bin/cmake -E cmake_link_script CMakeFiles/cmTC_10359.dir/link.txt --verbose=1
/usr/bin/sh-elf-gcc  -v -nostdlib CMakeFiles/cmTC_10359.dir/CMakeCCompilerABI.c.obj -o cmTC_10359  -lgcc 
Using built-in specs.
COLLECT_GCC=/usr/bin/sh-elf-gcc
COLLECT_LTO_WRAPPER=/usr/libexec/gcc/sh3eb-elf/11.1.0/lto-wrapper
Target: sh3eb-elf
Configured with: ../configure --prefix=/usr --target=sh3eb-elf --with-multilib-list=m3,m4-nofpu --program-prefix=sh-elf- --enable-languages=c,c++ --without-headers --with-newlib --disable-nls --enable-libssp --enable-lto --disable-werror
Thread model: single
Supported LTO compression algorithms: zlib zstd
gcc version 11.1.0 (GCC) 
COMPILER_PATH=/usr/libexec/gcc/sh3eb-elf/11.1.0/:/usr/libexec/gcc/sh3eb-elf/11.1.0/:/usr/libexec/gcc/sh3eb-elf/:/usr/lib/gcc/sh3eb-elf/11.1.0/:/usr/lib/gcc/sh3eb-elf/:/usr/lib/gcc/sh3eb-elf/11.1.0/../../../../sh3eb-elf/bin/
LIBRARY_PATH=/usr/lib/gcc/sh3eb-elf/11.1.0/:/usr/lib/gcc/sh3eb-elf/11.1.0/../../../../sh3eb-elf/lib/
COLLECT_GCC_OPTIONS='-v' '-nostdlib' '-o' 'cmTC_10359' '-dumpdir' 'cmTC_10359.'
 /usr/libexec/gcc/sh3eb-elf/11.1.0/collect2 -plugin /usr/libexec/gcc/sh3eb-elf/11.1.0/liblto_plugin.so -plugin-opt=/usr/libexec/gcc/sh3eb-elf/11.1.0/lto-wrapper -plugin-opt=-fresolution=/tmp/ccHQSyhW.res -m shelf -o cmTC_10359 -L/usr/lib/gcc/sh3eb-elf/11.1.0 -L/usr/lib/gcc/sh3eb-elf/11.1.0/../../../../sh3eb-elf/lib CMakeFiles/cmTC_10359.dir/CMakeCCompilerABI.c.obj -lgcc
/usr/lib/gcc/sh3eb-elf/11.1.0/../../../../sh3eb-elf/bin/ld: warning: cannot find entry symbol start; defaulting to 0000000000001000
COLLECT_GCC_OPTIONS='-v' '-nostdlib' '-o' 'cmTC_10359' '-dumpdir' 'cmTC_10359.'
make[1]: Leaving directory '/home/sha-chan/dépôts_git/Plague/Sources/build-fx/CMakeFiles/CMakeTmp'



Parsed C implicit include dir info from above output: rv=done
  found start of include info
  found start of implicit include info
    add: [/usr/lib/gcc/sh3eb-elf/11.1.0/include]
    add: [/usr/lib/gcc/sh3eb-elf/11.1.0/include-fixed]
  end of search list found
  collapse include dir [/usr/lib/gcc/sh3eb-elf/11.1.0/include] ==> [/usr/lib/gcc/sh3eb-elf/11.1.0/include]
  collapse include dir [/usr/lib/gcc/sh3eb-elf/11.1.0/include-fixed] ==> [/usr/lib/gcc/sh3eb-elf/11.1.0/include-fixed]
  implicit include dirs: [/usr/lib/gcc/sh3eb-elf/11.1.0/include;/usr/lib/gcc/sh3eb-elf/11.1.0/include-fixed]


Parsed C implicit link information from above output:
  link line regex: [^( *|.*[/\])(sh-elf-ld|CMAKE_LINK_STARTFILE-NOTFOUND|([^/\]+-)?ld|collect2)[^/\]*( |$)]
  ignore line: [Change Dir: /home/sha-chan/dépôts_git/Plague/Sources/build-fx/CMakeFiles/CMakeTmp]
  ignore line: []
  ignore line: [Run Build Command(s):/usr/bin/make -f Makefile cmTC_10359/fast && /usr/bin/make  -f CMakeFiles/cmTC_10359.dir/build.make CMakeFiles/cmTC_10359.dir/build]
  ignore line: [make[1]: Entering directory '/home/sha-chan/dépôts_git/Plague/Sources/build-fx/CMakeFiles/CMakeTmp']
  ignore line: [Building C object CMakeFiles/cmTC_10359.dir/CMakeCCompilerABI.c.obj]
  ignore line: [/usr/bin/sh-elf-gcc -DTARGET_FX9860G  -v -mb -ffreestanding -nostdlib -Wa --dsp -o CMakeFiles/cmTC_10359.dir/CMakeCCompilerABI.c.obj -c /usr/share/cmake-3.20/Modules/CMakeCCompilerABI.c]
  ignore line: [Using built-in specs.]
  ignore line: [COLLECT_AS_OPTIONS='--dsp']
  ignore line: [COLLECT_GCC=/usr/bin/sh-elf-gcc]
  ignore line: [Target: sh3eb-elf]
  ignore line: [Configured with: ../configure --prefix=/usr --target=sh3eb-elf --with-multilib-list=m3 m4-nofpu --program-prefix=sh-elf- --enable-languages=c c++ --without-headers --with-newlib --disable-nls --enable-libssp --enable-lto --disable-werror]
  ignore line: [Thread model: single]
  ignore line: [Supported LTO compression algorithms: zlib zstd]
  ignore line: [gcc version 11.1.0 (GCC) ]
  ignore line: [COLLECT_GCC_OPTIONS='-D' 'TARGET_FX9860G' '-v' '-mb' '-ffreestanding' '-nostdlib' '-o' 'CMakeFiles/cmTC_10359.dir/CMakeCCompilerABI.c.obj' '-c' '-dumpdir' 'CMakeFiles/cmTC_10359.dir/']
  ignore line: [ /usr/libexec/gcc/sh3eb-elf/11.1.0/cc1 -quiet -v -D TARGET_FX9860G /usr/share/cmake-3.20/Modules/CMakeCCompilerABI.c -quiet -dumpdir CMakeFiles/cmTC_10359.dir/ -dumpbase CMakeCCompilerABI.c.c -dumpbase-ext .c -mb -version -ffreestanding -o /tmp/ccBt124x.s]
  ignore line: [GNU C17 (GCC) version 11.1.0 (sh3eb-elf)]
  ignore line: [	compiled by GNU C version 11.1.0  GMP version 6.2.1  MPFR version 4.1.0  MPC version 1.2.1  isl version isl-0.24-GMP]
  ignore line: []
  ignore line: [GGC heuristics: --param ggc-min-expand=100 --param ggc-min-heapsize=131072]
  ignore line: [ignoring nonexistent directory "/usr/lib/gcc/sh3eb-elf/11.1.0/../../../../sh3eb-elf/sys-include"]
  ignore line: [ignoring nonexistent directory "/usr/lib/gcc/sh3eb-elf/11.1.0/../../../../sh3eb-elf/include"]
  ignore line: [#include "..." search starts here:]
  ignore line: [#include <...> search starts here:]
  ignore line: [ /usr/lib/gcc/sh3eb-elf/11.1.0/include]
  ignore line: [ /usr/lib/gcc/sh3eb-elf/11.1.0/include-fixed]
  ignore line: [End of search list.]
  ignore line: [GNU C17 (GCC) version 11.1.0 (sh3eb-elf)]
  ignore line: [	compiled by GNU C version 11.1.0  GMP version 6.2.1  MPFR version 4.1.0  MPC version 1.2.1  isl version isl-0.24-GMP]
  ignore line: []
  ignore line: [GGC heuristics: --param ggc-min-expand=100 --param ggc-min-heapsize=131072]
  ignore line: [Compiler executable checksum: c7481220cc2db0a3081f56f1d8a82427]
  ignore line: [COLLECT_GCC_OPTIONS='-D' 'TARGET_FX9860G' '-v' '-mb' '-ffreestanding' '-nostdlib' '-o' 'CMakeFiles/cmTC_10359.dir/CMakeCCompilerABI.c.obj' '-c' '-dumpdir' 'CMakeFiles/cmTC_10359.dir/']
  ignore line: [ /usr/lib/gcc/sh3eb-elf/11.1.0/../../../../sh3eb-elf/bin/as -big --dsp -o CMakeFiles/cmTC_10359.dir/CMakeCCompilerABI.c.obj /tmp/ccBt124x.s]
  ignore line: [COMPILER_PATH=/usr/libexec/gcc/sh3eb-elf/11.1.0/:/usr/libexec/gcc/sh3eb-elf/11.1.0/:/usr/libexec/gcc/sh3eb-elf/:/usr/lib/gcc/sh3eb-elf/11.1.0/:/usr/lib/gcc/sh3eb-elf/:/usr/lib/gcc/sh3eb-elf/11.1.0/../../../../sh3eb-elf/bin/]
  ignore line: [LIBRARY_PATH=/usr/lib/gcc/sh3eb-elf/11.1.0/:/usr/lib/gcc/sh3eb-elf/11.1.0/../../../../sh3eb-elf/lib/]
  ignore line: [COLLECT_GCC_OPTIONS='-D' 'TARGET_FX9860G' '-v' '-mb' '-ffreestanding' '-nostdlib' '-o' 'CMakeFiles/cmTC_10359.dir/CMakeCCompilerABI.c.obj' '-c' '-dumpdir' 'CMakeFiles/cmTC_10359.dir/CMakeCCompilerABI.c.']
  ignore line: [Linking C executable cmTC_10359]
  ignore line: [/usr/bin/cmake -E cmake_link_script CMakeFiles/cmTC_10359.dir/link.txt --verbose=1]
  ignore line: [/usr/bin/sh-elf-gcc  -v -nostdlib CMakeFiles/cmTC_10359.dir/CMakeCCompilerABI.c.obj -o cmTC_10359  -lgcc ]
  ignore line: [Using built-in specs.]
  ignore line: [COLLECT_GCC=/usr/bin/sh-elf-gcc]
  ignore line: [COLLECT_LTO_WRAPPER=/usr/libexec/gcc/sh3eb-elf/11.1.0/lto-wrapper]
  ignore line: [Target: sh3eb-elf]
  ignore line: [Configured with: ../configure --prefix=/usr --target=sh3eb-elf --with-multilib-list=m3 m4-nofpu --program-prefix=sh-elf- --enable-languages=c c++ --without-headers --with-newlib --disable-nls --enable-libssp --enable-lto --disable-werror]
  ignore line: [Thread model: single]
  ignore line: [Supported LTO compression algorithms: zlib zstd]
  ignore line: [gcc version 11.1.0 (GCC) ]
  ignore line: [COMPILER_PATH=/usr/libexec/gcc/sh3eb-elf/11.1.0/:/usr/libexec/gcc/sh3eb-elf/11.1.0/:/usr/libexec/gcc/sh3eb-elf/:/usr/lib/gcc/sh3eb-elf/11.1.0/:/usr/lib/gcc/sh3eb-elf/:/usr/lib/gcc/sh3eb-elf/11.1.0/../../../../sh3eb-elf/bin/]
  ignore line: [LIBRARY_PATH=/usr/lib/gcc/sh3eb-elf/11.1.0/:/usr/lib/gcc/sh3eb-elf/11.1.0/../../../../sh3eb-elf/lib/]
  ignore line: [COLLECT_GCC_OPTIONS='-v' '-nostdlib' '-o' 'cmTC_10359' '-dumpdir' 'cmTC_10359.']
  link line: [ /usr/libexec/gcc/sh3eb-elf/11.1.0/collect2 -plugin /usr/libexec/gcc/sh3eb-elf/11.1.0/liblto_plugin.so -plugin-opt=/usr/libexec/gcc/sh3eb-elf/11.1.0/lto-wrapper -plugin-opt=-fresolution=/tmp/ccHQSyhW.res -m shelf -o cmTC_10359 -L/usr/lib/gcc/sh3eb-elf/11.1.0 -L/usr/lib/gcc/sh3eb-elf/11.1.0/../../../../sh3eb-elf/lib CMakeFiles/cmTC_10359.dir/CMakeCCompilerABI.c.obj -lgcc]
    arg [/usr/libexec/gcc/sh3eb-elf/11.1.0/collect2] ==> ignore
    arg [-plugin] ==> ignore
    arg [/usr/libexec/gcc/sh3eb-elf/11.1.0/liblto_plugin.so] ==> ignore
    arg [-plugin-opt=/usr/libexec/gcc/sh3eb-elf/11.1.0/lto-wrapper] ==> ignore
    arg [-plugin-opt=-fresolution=/tmp/ccHQSyhW.res] ==> ignore
    arg [-m] ==> ignore
    arg [shelf] ==> ignore
    arg [-o] ==> ignore
    arg [cmTC_10359] ==> ignore
    arg [-L/usr/lib/gcc/sh3eb-elf/11.1.0] ==> dir [/usr/lib/gcc/sh3eb-elf/11.1.0]
    arg [-L/usr/lib/gcc/sh3eb-elf/11.1.0/../../../../sh3eb-elf/lib] ==> dir [/usr/lib/gcc/sh3eb-elf/11.1.0/../../../../sh3eb-elf/lib]
    arg [CMakeFiles/cmTC_10359.dir/CMakeCCompilerABI.c.obj] ==> ignore
    arg [-lgcc] ==> lib [gcc]
  collapse library dir [/usr/lib/gcc/sh3eb-elf/11.1.0] ==> [/usr/lib/gcc/sh3eb-elf/11.1.0]
  collapse library dir [/usr/lib/gcc/sh3eb-elf/11.1.0/../../../../sh3eb-elf/lib] ==> [/usr/sh3eb-elf/lib]
  implicit libs: [gcc]
  implicit objs: []
  implicit dirs: [/usr/lib/gcc/sh3eb-elf/11.1.0;/usr/sh3eb-elf/lib]
  implicit fwks: []


Detecting CXX compiler ABI info compiled with the following output:
Change Dir: /home/sha-chan/dépôts_git/Plague/Sources/build-fx/CMakeFiles/CMakeTmp

Run Build Command(s):/usr/bin/make -f Makefile cmTC_c2ec9/fast && /usr/bin/make  -f CMakeFiles/cmTC_c2ec9.dir/build.make CMakeFiles/cmTC_c2ec9.dir/build
make[1]: Entering directory '/home/sha-chan/dépôts_git/Plague/Sources/build-fx/CMakeFiles/CMakeTmp'
Building CXX object CMakeFiles/cmTC_c2ec9.dir/CMakeCXXCompilerABI.cpp.obj
/usr/bin/sh-elf-g++ -DTARGET_FX9860G  -v -mb -ffreestanding -nostdlib -Wa,--dsp -o CMakeFiles/cmTC_c2ec9.dir/CMakeCXXCompilerABI.cpp.obj -c /usr/share/cmake-3.20/Modules/CMakeCXXCompilerABI.cpp
Using built-in specs.
COLLECT_AS_OPTIONS='--dsp'
COLLECT_GCC=/usr/bin/sh-elf-g++
Target: sh3eb-elf
Configured with: ../configure --prefix=/usr --target=sh3eb-elf --with-multilib-list=m3,m4-nofpu --program-prefix=sh-elf- --enable-languages=c,c++ --without-headers --with-newlib --disable-nls --enable-libssp --enable-lto --disable-werror
Thread model: single
Supported LTO compression algorithms: zlib zstd
gcc version 11.1.0 (GCC) 
COLLECT_GCC_OPTIONS='-D' 'TARGET_FX9860G' '-v' '-mb' '-ffreestanding' '-nostdlib' '-o' 'CMakeFiles/cmTC_c2ec9.dir/CMakeCXXCompilerABI.cpp.obj' '-c' '-dumpdir' 'CMakeFiles/cmTC_c2ec9.dir/'
 /usr/libexec/gcc/sh3eb-elf/11.1.0/cc1plus -quiet -v -D TARGET_FX9860G /usr/share/cmake-3.20/Modules/CMakeCXXCompilerABI.cpp -quiet -dumpdir CMakeFiles/cmTC_c2ec9.dir/ -dumpbase CMakeCXXCompilerABI.cpp.cpp -dumpbase-ext .cpp -mb -version -ffreestanding -o /tmp/ccerObsI.s
GNU C++17 (GCC) version 11.1.0 (sh3eb-elf)
	compiled by GNU C version 11.1.0, GMP version 6.2.1, MPFR version 4.1.0, MPC version 1.2.1, isl version isl-0.24-GMP

GGC heuristics: --param ggc-min-expand=100 --param ggc-min-heapsize=131072
ignoring nonexistent directory "/usr/lib/gcc/sh3eb-elf/11.1.0/../../../../sh3eb-elf/include/c++/11.1.0"
ignoring nonexistent directory "/usr/lib/gcc/sh3eb-elf/11.1.0/../../../../sh3eb-elf/include/c++/11.1.0/sh3eb-elf"
ignoring nonexistent directory "/usr/lib/gcc/sh3eb-elf/11.1.0/../../../../sh3eb-elf/include/c++/11.1.0/backward"
ignoring nonexistent directory "/usr/lib/gcc/sh3eb-elf/11.1.0/../../../../sh3eb-elf/sys-include"
ignoring nonexistent directory "/usr/lib/gcc/sh3eb-elf/11.1.0/../../../../sh3eb-elf/include"
#include "..." search starts here:
#include <...> search starts here:
 /usr/lib/gcc/sh3eb-elf/11.1.0/include
 /usr/lib/gcc/sh3eb-elf/11.1.0/include-fixed
End of search list.
GNU C++17 (GCC) version 11.1.0 (sh3eb-elf)
	compiled by GNU C version 11.1.0, GMP version 6.2.1, MPFR version 4.1.0, MPC version 1.2.1, isl version isl-0.24-GMP

GGC heuristics: --param ggc-min-expand=100 --param ggc-min-heapsize=131072
Compiler executable checksum: 7bd51480ee32bb1b0916c6dc5d334f39
COLLECT_GCC_OPTIONS='-D' 'TARGET_FX9860G' '-v' '-mb' '-ffreestanding' '-nostdlib' '-o' 'CMakeFiles/cmTC_c2ec9.dir/CMakeCXXCompilerABI.cpp.obj' '-c' '-dumpdir' 'CMakeFiles/cmTC_c2ec9.dir/'
 /usr/lib/gcc/sh3eb-elf/11.1.0/../../../../sh3eb-elf/bin/as -big --dsp -o CMakeFiles/cmTC_c2ec9.dir/CMakeCXXCompilerABI.cpp.obj /tmp/ccerObsI.s
COMPILER_PATH=/usr/libexec/gcc/sh3eb-elf/11.1.0/:/usr/libexec/gcc/sh3eb-elf/11.1.0/:/usr/libexec/gcc/sh3eb-elf/:/usr/lib/gcc/sh3eb-elf/11.1.0/:/usr/lib/gcc/sh3eb-elf/:/usr/lib/gcc/sh3eb-elf/11.1.0/../../../../sh3eb-elf/bin/
LIBRARY_PATH=/usr/lib/gcc/sh3eb-elf/11.1.0/:/usr/lib/gcc/sh3eb-elf/11.1.0/../../../../sh3eb-elf/lib/
COLLECT_GCC_OPTIONS='-D' 'TARGET_FX9860G' '-v' '-mb' '-ffreestanding' '-nostdlib' '-o' 'CMakeFiles/cmTC_c2ec9.dir/CMakeCXXCompilerABI.cpp.obj' '-c' '-dumpdir' 'CMakeFiles/cmTC_c2ec9.dir/CMakeCXXCompilerABI.cpp.'
Linking CXX executable cmTC_c2ec9
/usr/bin/cmake -E cmake_link_script CMakeFiles/cmTC_c2ec9.dir/link.txt --verbose=1
/usr/bin/sh-elf-g++  -v -nostdlib CMakeFiles/cmTC_c2ec9.dir/CMakeCXXCompilerABI.cpp.obj -o cmTC_c2ec9  -lgcc 
Using built-in specs.
COLLECT_GCC=/usr/bin/sh-elf-g++
COLLECT_LTO_WRAPPER=/usr/libexec/gcc/sh3eb-elf/11.1.0/lto-wrapper
Target: sh3eb-elf
Configured with: ../configure --prefix=/usr --target=sh3eb-elf --with-multilib-list=m3,m4-nofpu --program-prefix=sh-elf- --enable-languages=c,c++ --without-headers --with-newlib --disable-nls --enable-libssp --enable-lto --disable-werror
Thread model: single
Supported LTO compression algorithms: zlib zstd
gcc version 11.1.0 (GCC) 
COMPILER_PATH=/usr/libexec/gcc/sh3eb-elf/11.1.0/:/usr/libexec/gcc/sh3eb-elf/11.1.0/:/usr/libexec/gcc/sh3eb-elf/:/usr/lib/gcc/sh3eb-elf/11.1.0/:/usr/lib/gcc/sh3eb-elf/:/usr/lib/gcc/sh3eb-elf/11.1.0/../../../../sh3eb-elf/bin/
LIBRARY_PATH=/usr/lib/gcc/sh3eb-elf/11.1.0/:/usr/lib/gcc/sh3eb-elf/11.1.0/../../../../sh3eb-elf/lib/
COLLECT_GCC_OPTIONS='-v' '-nostdlib' '-o' 'cmTC_c2ec9' '-dumpdir' 'cmTC_c2ec9.'
 /usr/libexec/gcc/sh3eb-elf/11.1.0/collect2 -plugin /usr/libexec/gcc/sh3eb-elf/11.1.0/liblto_plugin.so -plugin-opt=/usr/libexec/gcc/sh3eb-elf/11.1.0/lto-wrapper -plugin-opt=-fresolution=/tmp/ccSKFNr3.res -m shelf -o cmTC_c2ec9 -L/usr/lib/gcc/sh3eb-elf/11.1.0 -L/usr/lib/gcc/sh3eb-elf/11.1.0/../../../../sh3eb-elf/lib CMakeFiles/cmTC_c2ec9.dir/CMakeCXXCompilerABI.cpp.obj -lgcc
/usr/lib/gcc/sh3eb-elf/11.1.0/../../../../sh3eb-elf/bin/ld: warning: cannot find entry symbol start; defaulting to 0000000000001000
COLLECT_GCC_OPTIONS='-v' '-nostdlib' '-o' 'cmTC_c2ec9' '-dumpdir' 'cmTC_c2ec9.'
make[1]: Leaving directory '/home/sha-chan/dépôts_git/Plague/Sources/build-fx/CMakeFiles/CMakeTmp'



Parsed CXX implicit include dir info from above output: rv=done
  found start of include info
  found start of implicit include info
    add: [/usr/lib/gcc/sh3eb-elf/11.1.0/include]
    add: [/usr/lib/gcc/sh3eb-elf/11.1.0/include-fixed]
  end of search list found
  collapse include dir [/usr/lib/gcc/sh3eb-elf/11.1.0/include] ==> [/usr/lib/gcc/sh3eb-elf/11.1.0/include]
  collapse include dir [/usr/lib/gcc/sh3eb-elf/11.1.0/include-fixed] ==> [/usr/lib/gcc/sh3eb-elf/11.1.0/include-fixed]
  implicit include dirs: [/usr/lib/gcc/sh3eb-elf/11.1.0/include;/usr/lib/gcc/sh3eb-elf/11.1.0/include-fixed]


Parsed CXX implicit link information from above output:
  link line regex: [^( *|.*[/\])(sh-elf-ld|CMAKE_LINK_STARTFILE-NOTFOUND|([^/\]+-)?ld|collect2)[^/\]*( |$)]
  ignore line: [Change Dir: /home/sha-chan/dépôts_git/Plague/Sources/build-fx/CMakeFiles/CMakeTmp]
  ignore line: []
  ignore line: [Run Build Command(s):/usr/bin/make -f Makefile cmTC_c2ec9/fast && /usr/bin/make  -f CMakeFiles/cmTC_c2ec9.dir/build.make CMakeFiles/cmTC_c2ec9.dir/build]
  ignore line: [make[1]: Entering directory '/home/sha-chan/dépôts_git/Plague/Sources/build-fx/CMakeFiles/CMakeTmp']
  ignore line: [Building CXX object CMakeFiles/cmTC_c2ec9.dir/CMakeCXXCompilerABI.cpp.obj]
  ignore line: [/usr/bin/sh-elf-g++ -DTARGET_FX9860G  -v -mb -ffreestanding -nostdlib -Wa --dsp -o CMakeFiles/cmTC_c2ec9.dir/CMakeCXXCompilerABI.cpp.obj -c /usr/share/cmake-3.20/Modules/CMakeCXXCompilerABI.cpp]
  ignore line: [Using built-in specs.]
  ignore line: [COLLECT_AS_OPTIONS='--dsp']
  ignore line: [COLLECT_GCC=/usr/bin/sh-elf-g++]
  ignore line: [Target: sh3eb-elf]
  ignore line: [Configured with: ../configure --prefix=/usr --target=sh3eb-elf --with-multilib-list=m3 m4-nofpu --program-prefix=sh-elf- --enable-languages=c c++ --without-headers --with-newlib --disable-nls --enable-libssp --enable-lto --disable-werror]
  ignore line: [Thread model: single]
  ignore line: [Supported LTO compression algorithms: zlib zstd]
  ignore line: [gcc version 11.1.0 (GCC) ]
  ignore line: [COLLECT_GCC_OPTIONS='-D' 'TARGET_FX9860G' '-v' '-mb' '-ffreestanding' '-nostdlib' '-o' 'CMakeFiles/cmTC_c2ec9.dir/CMakeCXXCompilerABI.cpp.obj' '-c' '-dumpdir' 'CMakeFiles/cmTC_c2ec9.dir/']
  ignore line: [ /usr/libexec/gcc/sh3eb-elf/11.1.0/cc1plus -quiet -v -D TARGET_FX9860G /usr/share/cmake-3.20/Modules/CMakeCXXCompilerABI.cpp -quiet -dumpdir CMakeFiles/cmTC_c2ec9.dir/ -dumpbase CMakeCXXCompilerABI.cpp.cpp -dumpbase-ext .cpp -mb -version -ffreestanding -o /tmp/ccerObsI.s]
  ignore line: [GNU C++17 (GCC) version 11.1.0 (sh3eb-elf)]
  ignore line: [	compiled by GNU C version 11.1.0  GMP version 6.2.1  MPFR version 4.1.0  MPC version 1.2.1  isl version isl-0.24-GMP]
  ignore line: []
  ignore line: [GGC heuristics: --param ggc-min-expand=100 --param ggc-min-heapsize=131072]
  ignore line: [ignoring nonexistent directory "/usr/lib/gcc/sh3eb-elf/11.1.0/../../../../sh3eb-elf/include/c++/11.1.0"]
  ignore line: [ignoring nonexistent directory "/usr/lib/gcc/sh3eb-elf/11.1.0/../../../../sh3eb-elf/include/c++/11.1.0/sh3eb-elf"]
  ignore line: [ignoring nonexistent directory "/usr/lib/gcc/sh3eb-elf/11.1.0/../../../../sh3eb-elf/include/c++/11.1.0/backward"]
  ignore line: [ignoring nonexistent directory "/usr/lib/gcc/sh3eb-elf/11.1.0/../../../../sh3eb-elf/sys-include"]
  ignore line: [ignoring nonexistent directory "/usr/lib/gcc/sh3eb-elf/11.1.0/../../../../sh3eb-elf/include"]
  ignore line: [#include "..." search starts here:]
  ignore line: [#include <...> search starts here:]
  ignore line: [ /usr/lib/gcc/sh3eb-elf/11.1.0/include]
  ignore line: [ /usr/lib/gcc/sh3eb-elf/11.1.0/include-fixed]
  ignore line: [End of search list.]
  ignore line: [GNU C++17 (GCC) version 11.1.0 (sh3eb-elf)]
  ignore line: [	compiled by GNU C version 11.1.0  GMP version 6.2.1  MPFR version 4.1.0  MPC version 1.2.1  isl version isl-0.24-GMP]
  ignore line: []
  ignore line: [GGC heuristics: --param ggc-min-expand=100 --param ggc-min-heapsize=131072]
  ignore line: [Compiler executable checksum: 7bd51480ee32bb1b0916c6dc5d334f39]
  ignore line: [COLLECT_GCC_OPTIONS='-D' 'TARGET_FX9860G' '-v' '-mb' '-ffreestanding' '-nostdlib' '-o' 'CMakeFiles/cmTC_c2ec9.dir/CMakeCXXCompilerABI.cpp.obj' '-c' '-dumpdir' 'CMakeFiles/cmTC_c2ec9.dir/']
  ignore line: [ /usr/lib/gcc/sh3eb-elf/11.1.0/../../../../sh3eb-elf/bin/as -big --dsp -o CMakeFiles/cmTC_c2ec9.dir/CMakeCXXCompilerABI.cpp.obj /tmp/ccerObsI.s]
  ignore line: [COMPILER_PATH=/usr/libexec/gcc/sh3eb-elf/11.1.0/:/usr/libexec/gcc/sh3eb-elf/11.1.0/:/usr/libexec/gcc/sh3eb-elf/:/usr/lib/gcc/sh3eb-elf/11.1.0/:/usr/lib/gcc/sh3eb-elf/:/usr/lib/gcc/sh3eb-elf/11.1.0/../../../../sh3eb-elf/bin/]
  ignore line: [LIBRARY_PATH=/usr/lib/gcc/sh3eb-elf/11.1.0/:/usr/lib/gcc/sh3eb-elf/11.1.0/../../../../sh3eb-elf/lib/]
  ignore line: [COLLECT_GCC_OPTIONS='-D' 'TARGET_FX9860G' '-v' '-mb' '-ffreestanding' '-nostdlib' '-o' 'CMakeFiles/cmTC_c2ec9.dir/CMakeCXXCompilerABI.cpp.obj' '-c' '-dumpdir' 'CMakeFiles/cmTC_c2ec9.dir/CMakeCXXCompilerABI.cpp.']
  ignore line: [Linking CXX executable cmTC_c2ec9]
  ignore line: [/usr/bin/cmake -E cmake_link_script CMakeFiles/cmTC_c2ec9.dir/link.txt --verbose=1]
  ignore line: [/usr/bin/sh-elf-g++  -v -nostdlib CMakeFiles/cmTC_c2ec9.dir/CMakeCXXCompilerABI.cpp.obj -o cmTC_c2ec9  -lgcc ]
  ignore line: [Using built-in specs.]
  ignore line: [COLLECT_GCC=/usr/bin/sh-elf-g++]
  ignore line: [COLLECT_LTO_WRAPPER=/usr/libexec/gcc/sh3eb-elf/11.1.0/lto-wrapper]
  ignore line: [Target: sh3eb-elf]
  ignore line: [Configured with: ../configure --prefix=/usr --target=sh3eb-elf --with-multilib-list=m3 m4-nofpu --program-prefix=sh-elf- --enable-languages=c c++ --without-headers --with-newlib --disable-nls --enable-libssp --enable-lto --disable-werror]
  ignore line: [Thread model: single]
  ignore line: [Supported LTO compression algorithms: zlib zstd]
  ignore line: [gcc version 11.1.0 (GCC) ]
  ignore line: [COMPILER_PATH=/usr/libexec/gcc/sh3eb-elf/11.1.0/:/usr/libexec/gcc/sh3eb-elf/11.1.0/:/usr/libexec/gcc/sh3eb-elf/:/usr/lib/gcc/sh3eb-elf/11.1.0/:/usr/lib/gcc/sh3eb-elf/:/usr/lib/gcc/sh3eb-elf/11.1.0/../../../../sh3eb-elf/bin/]
  ignore line: [LIBRARY_PATH=/usr/lib/gcc/sh3eb-elf/11.1.0/:/usr/lib/gcc/sh3eb-elf/11.1.0/../../../../sh3eb-elf/lib/]
  ignore line: [COLLECT_GCC_OPTIONS='-v' '-nostdlib' '-o' 'cmTC_c2ec9' '-dumpdir' 'cmTC_c2ec9.']
  link line: [ /usr/libexec/gcc/sh3eb-elf/11.1.0/collect2 -plugin /usr/libexec/gcc/sh3eb-elf/11.1.0/liblto_plugin.so -plugin-opt=/usr/libexec/gcc/sh3eb-elf/11.1.0/lto-wrapper -plugin-opt=-fresolution=/tmp/ccSKFNr3.res -m shelf -o cmTC_c2ec9 -L/usr/lib/gcc/sh3eb-elf/11.1.0 -L/usr/lib/gcc/sh3eb-elf/11.1.0/../../../../sh3eb-elf/lib CMakeFiles/cmTC_c2ec9.dir/CMakeCXXCompilerABI.cpp.obj -lgcc]
    arg [/usr/libexec/gcc/sh3eb-elf/11.1.0/collect2] ==> ignore
    arg [-plugin] ==> ignore
    arg [/usr/libexec/gcc/sh3eb-elf/11.1.0/liblto_plugin.so] ==> ignore
    arg [-plugin-opt=/usr/libexec/gcc/sh3eb-elf/11.1.0/lto-wrapper] ==> ignore
    arg [-plugin-opt=-fresolution=/tmp/ccSKFNr3.res] ==> ignore
    arg [-m] ==> ignore
    arg [shelf] ==> ignore
    arg [-o] ==> ignore
    arg [cmTC_c2ec9] ==> ignore
    arg [-L/usr/lib/gcc/sh3eb-elf/11.1.0] ==> dir [/usr/lib/gcc/sh3eb-elf/11.1.0]
    arg [-L/usr/lib/gcc/sh3eb-elf/11.1.0/../../../../sh3eb-elf/lib] ==> dir [/usr/lib/gcc/sh3eb-elf/11.1.0/../../../../sh3eb-elf/lib]
    arg [CMakeFiles/cmTC_c2ec9.dir/CMakeCXXCompilerABI.cpp.obj] ==> ignore
    arg [-lgcc] ==> lib [gcc]
  collapse library dir [/usr/lib/gcc/sh3eb-elf/11.1.0] ==> [/usr/lib/gcc/sh3eb-elf/11.1.0]
  collapse library dir [/usr/lib/gcc/sh3eb-elf/11.1.0/../../../../sh3eb-elf/lib] ==> [/usr/sh3eb-elf/lib]
  implicit libs: [gcc]
  implicit objs: []
  implicit dirs: [/usr/lib/gcc/sh3eb-elf/11.1.0;/usr/sh3eb-elf/lib]
  implicit fwks: []


